<?xml version="1.0" encoding="UTF-8"?>
<!-- Generated by org.testng.reporters.JUnitXMLReporter -->
<testsuite hostname="DESKTOP-2GD8KKD" failures="1" tests="2" name="Test" time="23.949" errors="0" timestamp="19 Mar 2024 04:15:11 GMT">
  <testcase classname="Com.hrms.testscript.TC001" name="tcoo1" time="23.892"/>
  <testcase classname="Com.hrms.testscript.TC003" name="tc003" time="0.008">
    <failure type="java.lang.NoClassDefFoundError" message="org/apache/log4j/xml/DOMConfigurator">
      <![CDATA[java.lang.NoClassDefFoundError: org/apache/log4j/xml/DOMConfigurator
	at Com.hrms.testscript.TC003.tc003(TC003.java:12)
Caused by: java.lang.ClassNotFoundException: org.apache.log4j.xml.DOMConfigurator
	at java.base/jdk.internal.loader.BuiltinClassLoader.loadClass(BuiltinClassLoader.java:641)
	at java.base/jdk.internal.loader.ClassLoaders$AppClassLoader.loadClass(ClassLoaders.java:188)
	at java.base/java.lang.ClassLoader.loadClass(ClassLoader.java:520)
	... 24 more
... Removed 23 stack frames]]>
    </failure>
  </testcase> <!-- tc003 -->
</testsuite> <!-- Test -->
