<?xml version="1.0" encoding="UTF-8"?>
<testng-results total="2" passed="1" failed="1" skipped="0">
  <reporter-output>
  </reporter-output>
  <suite started-at="2024-03-19T04:14:47Z" name="Suite" finished-at="2024-03-19T04:15:11Z" duration-ms="23949">
    <groups>
    </groups>
    <test started-at="2024-03-19T04:14:47Z" name="Test" finished-at="2024-03-19T04:15:11Z" duration-ms="23949">
      <class name="Com.hrms.testscript.TC001">
        <test-method signature="tcoo1()[pri:0, instance:Com.hrms.testscript.TC001@1e7c7811]" started-at="2024-03-19T09:44:47Z" name="tcoo1" finished-at="2024-03-19T09:45:11Z" duration-ms="23892" status="PASS">
          <reporter-output>
          </reporter-output>
        </test-method> <!-- tcoo1 -->
      </class> <!-- Com.hrms.testscript.TC001 -->
      <class name="Com.hrms.testscript.TC003">
        <test-method signature="tc003()[pri:0, instance:Com.hrms.testscript.TC003@27f723]" started-at="2024-03-19T09:45:11Z" name="tc003" finished-at="2024-03-19T09:45:11Z" duration-ms="8" status="FAIL">
          <exception class="java.lang.NoClassDefFoundError">
            <message>
              <![CDATA[org/apache/log4j/xml/DOMConfigurator]]>
            </message>
            <full-stacktrace>
              <![CDATA[java.lang.NoClassDefFoundError: org/apache/log4j/xml/DOMConfigurator
	at Com.hrms.testscript.TC003.tc003(TC003.java:12)
	at java.base/jdk.internal.reflect.NativeMethodAccessorImpl.invoke0(Native Method)
	at java.base/jdk.internal.reflect.NativeMethodAccessorImpl.invoke(NativeMethodAccessorImpl.java:77)
	at java.base/jdk.internal.reflect.DelegatingMethodAccessorImpl.invoke(DelegatingMethodAccessorImpl.java:43)
	at java.base/java.lang.reflect.Method.invoke(Method.java:568)
	at org.testng.internal.MethodInvocationHelper.invokeMethod(MethodInvocationHelper.java:80)
	at org.testng.internal.Invoker.invokeMethod(Invoker.java:714)
	at org.testng.internal.Invoker.invokeTestMethod(Invoker.java:901)
	at org.testng.internal.Invoker.invokeTestMethods(Invoker.java:1231)
	at org.testng.internal.TestMethodWorker.invokeTestMethods(TestMethodWorker.java:127)
	at org.testng.internal.TestMethodWorker.run(TestMethodWorker.java:111)
	at org.testng.TestRunner.privateRun(TestRunner.java:767)
	at org.testng.TestRunner.run(TestRunner.java:617)
	at org.testng.SuiteRunner.runTest(SuiteRunner.java:334)
	at org.testng.SuiteRunner.runSequentially(SuiteRunner.java:329)
	at org.testng.SuiteRunner.privateRun(SuiteRunner.java:291)
	at org.testng.SuiteRunner.run(SuiteRunner.java:240)
	at org.testng.SuiteRunnerWorker.runSuite(SuiteRunnerWorker.java:52)
	at org.testng.SuiteRunnerWorker.run(SuiteRunnerWorker.java:86)
	at org.testng.TestNG.runSuitesSequentially(TestNG.java:1198)
	at org.testng.TestNG.runSuitesLocally(TestNG.java:1123)
	at org.testng.TestNG.run(TestNG.java:1031)
	at org.testng.TestNG.privateMain(TestNG.java:1338)
	at org.testng.TestNG.main(TestNG.java:1307)
Caused by: java.lang.ClassNotFoundException: org.apache.log4j.xml.DOMConfigurator
	at java.base/jdk.internal.loader.BuiltinClassLoader.loadClass(BuiltinClassLoader.java:641)
	at java.base/jdk.internal.loader.ClassLoaders$AppClassLoader.loadClass(ClassLoaders.java:188)
	at java.base/java.lang.ClassLoader.loadClass(ClassLoader.java:520)
	... 24 more
]]>
            </full-stacktrace>
          </exception> <!-- java.lang.NoClassDefFoundError -->
          <reporter-output>
          </reporter-output>
        </test-method> <!-- tc003 -->
      </class> <!-- Com.hrms.testscript.TC003 -->
    </test> <!-- Test -->
  </suite> <!-- Suite -->
</testng-results>
